0 info it worked if it ends with ok
1 verbose cli [ 'D:\\nodejs\\node.exe',
1 verbose cli   'D:\\nodejs\\node_modules\\npm\\bin\\npm-cli.js',
1 verbose cli   'run',
1 verbose cli   'init' ]
2 info using npm@2.15.1
3 info using node@v4.4.3
4 verbose run-script [ 'preinit', 'init', 'postinit' ]
5 info preinit view-ui-project@4.0.0
6 info init view-ui-project@4.0.0
7 verbose unsafe-perm in lifecycle true
8 info view-ui-project@4.0.0 Failed to exec init script
9 verbose stack Error: view-ui-project@4.0.0 init: `webpack --progress --config webpack.dev.config.js`
9 verbose stack Exit status 2
9 verbose stack     at EventEmitter.<anonymous> (D:\nodejs\node_modules\npm\lib\utils\lifecycle.js:217:16)
9 verbose stack     at emitTwo (events.js:87:13)
9 verbose stack     at EventEmitter.emit (events.js:172:7)
9 verbose stack     at ChildProcess.<anonymous> (D:\nodejs\node_modules\npm\lib\utils\spawn.js:24:14)
9 verbose stack     at emitTwo (events.js:87:13)
9 verbose stack     at ChildProcess.emit (events.js:172:7)
9 verbose stack     at maybeClose (internal/child_process.js:827:16)
9 verbose stack     at Process.ChildProcess._handle.onexit (internal/child_process.js:211:5)
10 verbose pkgid view-ui-project@4.0.0
11 verbose cwd D:\Ideaworkspaces\frontend\view-ui-project-1
12 error Windows_NT 10.0.17763
13 error argv "D:\\nodejs\\node.exe" "D:\\nodejs\\node_modules\\npm\\bin\\npm-cli.js" "run" "init"
14 error node v4.4.3
15 error npm  v2.15.1
16 error code ELIFECYCLE
17 error view-ui-project@4.0.0 init: `webpack --progress --config webpack.dev.config.js`
17 error Exit status 2
18 error Failed at the view-ui-project@4.0.0 init script 'webpack --progress --config webpack.dev.config.js'.
18 error This is most likely a problem with the view-ui-project package,
18 error not with npm itself.
18 error Tell the author that this fails on your system:
18 error     webpack --progress --config webpack.dev.config.js
18 error You can get information on how to open an issue for this project with:
18 error     npm bugs view-ui-project
18 error Or if that isn't available, you can get their info via:
18 error
18 error     npm owner ls view-ui-project
18 error There is likely additional logging output above.
19 verbose exit [ 1, true ]
